{"uuid":"d605aecb-b0aa-42d8-b8ab-d3741d4df9c2","historyId":"f3830dc2a755575901708395ee22da8e","testCaseId":"b74bdc71065c04d6c44005389df9b6a1","fullName":"src/test/features/PaymentPage/Payement.feature:29","labels":[{"name":"tag","value":"Payment_SauceDemo"},{"name":"tag","value":"Payment_with_4_cart"},{"name":"host","value":"MED-PC"},{"name":"thread","value":"1556@MED-PC.main(1)"},{"name":"feature","value":"Payment of the product"},{"name":"story","value":"Payment with foor carts"},{"name":"suite","value":"Payment of the product"},{"name":"testClass","value":"Payment with foor carts"},{"name":"framework","value":"cucumber4jvm"},{"name":"language","value":"java"},{"name":"gherkin_uri","value":"file:///C:/Users/medin/git/repository2/SauceDemoPOM/src/test/features/PaymentPage/Payement.feature"},{"name":"package","value":"src.test.features.PaymentPage.Payement_feature.Payment of the product"}],"links":[],"name":"Payment with foor carts","status":"broken","statusDetails":{"known":false,"muted":false,"flaky":false,"message":"no such element: Unable to locate element: {\"method\":\"xpath\",\"selector\":\"//button[@id='checkout']\"}\n  (Session info: chrome=135.0.7049.85)\n  (Driver info: chromedriver=135.0.7049.84 (6c019e56001911b3fd467e03bf68c435924d62f4-refs/branch-heads/7049@{#1778}),platform=Windows NT 10.0.22631 x86_64) (WARNING: The server did not provide any stacktrace information)\nCommand duration or timeout: 10.05 seconds\nFor documentation on this error, please visit: http://seleniumhq.org/exceptions/no_such_element.html\nBuild info: version: '2.50.1', revision: 'd7fc91b29de65b790abb01f3ac5f7ea2191c88a7', time: '2016-01-29 11:11:26'\nSystem info: host: 'MED-PC', ip: '192.168.1.189', os.name: 'Windows 11', os.arch: 'amd64', os.version: '10.0', java.version: '17.0.11'\nDriver info: org.openqa.selenium.chrome.ChromeDriver\nCapabilities [{mobileEmulationEnabled=false, timeouts={implicit=0, pageLoad=300000, script=30000}, hasTouchScreen=false, platform=XP, acceptSslCerts=false, goog:chromeOptions={debuggerAddress=localhost:49804}, webauthn:extension:credBlob=true, acceptInsecureCerts=false, fedcm:accounts=true, webStorageEnabled=true, browserName=chrome, takesScreenshot=true, javascriptEnabled=true, setWindowRect=true, webauthn:extension:largeBlob=true, unexpectedAlertBehaviour=ignore, rotatable=false, networkConnectionEnabled=false, chrome={chromedriverVersion=135.0.7049.84 (6c019e56001911b3fd467e03bf68c435924d62f4-refs/branch-heads/7049@{#1778}), userDataDir=C:\\WINDOWS\\SystemTemp\\scoped_dir1496_768050863}, takesHeapSnapshot=true, pageLoadStrategy=normal, strictFileInteractability=false, databaseEnabled=false, handlesAlerts=true, version=135.0.7049.85, browserConnectionEnabled=false, proxy={}, nativeEvents=true, webauthn:extension:minPinLength=true, webauthn:extension:prf=true, locationContextEnabled=true, cssSelectorsEnabled=true, webauthn:virtualAuthenticators=true}]\nSession ID: 1a75e258c710327e9ceecb557799fbc1\n*** Element info: {Using=xpath, value=//button[@id='checkout']}","trace":"org.openqa.selenium.NoSuchElementException: no such element: Unable to locate element: {\"method\":\"xpath\",\"selector\":\"//button[@id='checkout']\"}\n  (Session info: chrome=135.0.7049.85)\n  (Driver info: chromedriver=135.0.7049.84 (6c019e56001911b3fd467e03bf68c435924d62f4-refs/branch-heads/7049@{#1778}),platform=Windows NT 10.0.22631 x86_64) (WARNING: The server did not provide any stacktrace information)\nCommand duration or timeout: 10.05 seconds\nFor documentation on this error, please visit: http://seleniumhq.org/exceptions/no_such_element.html\nBuild info: version: '2.50.1', revision: 'd7fc91b29de65b790abb01f3ac5f7ea2191c88a7', time: '2016-01-29 11:11:26'\nSystem info: host: 'MED-PC', ip: '192.168.1.189', os.name: 'Windows 11', os.arch: 'amd64', os.version: '10.0', java.version: '17.0.11'\nDriver info: org.openqa.selenium.chrome.ChromeDriver\nCapabilities [{mobileEmulationEnabled=false, timeouts={implicit=0, pageLoad=300000, script=30000}, hasTouchScreen=false, platform=XP, acceptSslCerts=false, goog:chromeOptions={debuggerAddress=localhost:49804}, webauthn:extension:credBlob=true, acceptInsecureCerts=false, fedcm:accounts=true, webStorageEnabled=true, browserName=chrome, takesScreenshot=true, javascriptEnabled=true, setWindowRect=true, webauthn:extension:largeBlob=true, unexpectedAlertBehaviour=ignore, rotatable=false, networkConnectionEnabled=false, chrome={chromedriverVersion=135.0.7049.84 (6c019e56001911b3fd467e03bf68c435924d62f4-refs/branch-heads/7049@{#1778}), userDataDir=C:\\WINDOWS\\SystemTemp\\scoped_dir1496_768050863}, takesHeapSnapshot=true, pageLoadStrategy=normal, strictFileInteractability=false, databaseEnabled=false, handlesAlerts=true, version=135.0.7049.85, browserConnectionEnabled=false, proxy={}, nativeEvents=true, webauthn:extension:minPinLength=true, webauthn:extension:prf=true, locationContextEnabled=true, cssSelectorsEnabled=true, webauthn:virtualAuthenticators=true}]\nSession ID: 1a75e258c710327e9ceecb557799fbc1\n*** Element info: {Using=xpath, value=//button[@id='checkout']}\r\n\tat java.base/jdk.internal.reflect.NativeConstructorAccessorImpl.newInstance0(Native Method)\r\n\tat java.base/jdk.internal.reflect.NativeConstructorAccessorImpl.newInstance(NativeConstructorAccessorImpl.java:77)\r\n\tat java.base/jdk.internal.reflect.DelegatingConstructorAccessorImpl.newInstance(DelegatingConstructorAccessorImpl.java:45)\r\n\tat java.base/java.lang.reflect.Constructor.newInstanceWithCaller(Constructor.java:499)\r\n\tat java.base/java.lang.reflect.Constructor.newInstance(Constructor.java:480)\r\n\tat org.openqa.selenium.remote.ErrorHandler.createThrowable(ErrorHandler.java:206)\r\n\tat org.openqa.selenium.remote.ErrorHandler.throwIfResponseFailed(ErrorHandler.java:158)\r\n\tat org.openqa.selenium.remote.RemoteWebDriver.execute(RemoteWebDriver.java:678)\r\n\tat org.openqa.selenium.remote.RemoteWebDriver.findElement(RemoteWebDriver.java:363)\r\n\tat org.openqa.selenium.remote.RemoteWebDriver.findElementByXPath(RemoteWebDriver.java:500)\r\n\tat org.openqa.selenium.By$ByXPath.findElement(By.java:361)\r\n\tat org.openqa.selenium.remote.RemoteWebDriver.findElement(RemoteWebDriver.java:355)\r\n\tat org.openqa.selenium.support.pagefactory.DefaultElementLocator.findElement(DefaultElementLocator.java:69)\r\n\tat org.openqa.selenium.support.pagefactory.internal.LocatingElementHandler.invoke(LocatingElementHandler.java:38)\r\n\tat jdk.proxy2/jdk.proxy2.$Proxy24.click(Unknown Source)\r\n\tat PageObject.PaymentPage.click_Checkout(PaymentPage.java:49)\r\n\tat StepDefinition.PayPage_StepDef.i_click_the_checkout_button(PayPage_StepDef.java:18)\r\n\tat ✽.i click the checkout button(file:///C:/Users/medin/git/repository2/SauceDemoPOM/src/test/features/PaymentPage/Payement.feature:19)\r\n"},"stage":"finished","description":"  I want to pay the product","steps":[{"name":"Hooks.SetUp.etape()","status":"passed","statusDetails":{"known":false,"muted":false,"flaky":false},"stage":"finished","steps":[],"attachments":[],"parameters":[],"start":1744632313752,"stop":1744632313756},{"name":"Given I enter  url \"https://www.saucedemo.com/\"","status":"passed","statusDetails":{"known":false,"muted":false,"flaky":false},"stage":"finished","steps":[],"attachments":[],"parameters":[],"start":1744632313757,"stop":1744632319396},{"name":"Hooks.SetUp.TakeScreenshot(io.cucumber.java.Scenario)","status":"passed","statusDetails":{"known":false,"muted":false,"flaky":false},"stage":"finished","steps":[],"attachments":[{"name":"image","source":"4a2ae643-ad5d-4d0e-b7f8-860057cc9f6f-attachment","type":"image/png"}],"parameters":[],"start":1744632319398,"stop":1744632319505},{"name":"Hooks.SetUp.etape()","status":"passed","statusDetails":{"known":false,"muted":false,"flaky":false},"stage":"finished","steps":[],"attachments":[],"parameters":[],"start":1744632319505,"stop":1744632319505},{"name":"When I enter  username \"standard_user\"","status":"passed","statusDetails":{"known":false,"muted":false,"flaky":false},"stage":"finished","steps":[],"attachments":[],"parameters":[],"start":1744632319507,"stop":1744632319623},{"name":"Hooks.SetUp.TakeScreenshot(io.cucumber.java.Scenario)","status":"passed","statusDetails":{"known":false,"muted":false,"flaky":false},"stage":"finished","steps":[],"attachments":[{"name":"image","source":"01185ddb-fc91-4be5-8427-f48a16968e04-attachment","type":"image/png"}],"parameters":[],"start":1744632319623,"stop":1744632319693},{"name":"Hooks.SetUp.etape()","status":"passed","statusDetails":{"known":false,"muted":false,"flaky":false},"stage":"finished","steps":[],"attachments":[],"parameters":[],"start":1744632319693,"stop":1744632319695},{"name":"And I enter  password \"secret_sauce\"","status":"passed","statusDetails":{"known":false,"muted":false,"flaky":false},"stage":"finished","steps":[],"attachments":[],"parameters":[],"start":1744632319696,"stop":1744632319772},{"name":"Hooks.SetUp.TakeScreenshot(io.cucumber.java.Scenario)","status":"passed","statusDetails":{"known":false,"muted":false,"flaky":false},"stage":"finished","steps":[],"attachments":[{"name":"image","source":"2f3ac74b-f76f-4e39-8bcb-e193b17edb23-attachment","type":"image/png"}],"parameters":[],"start":1744632319772,"stop":1744632319847},{"name":"Hooks.SetUp.etape()","status":"passed","statusDetails":{"known":false,"muted":false,"flaky":false},"stage":"finished","steps":[],"attachments":[],"parameters":[],"start":1744632319847,"stop":1744632319848},{"name":"And I click  login button","status":"passed","statusDetails":{"known":false,"muted":false,"flaky":false},"stage":"finished","steps":[],"attachments":[],"parameters":[],"start":1744632319848,"stop":1744632319989},{"name":"Hooks.SetUp.TakeScreenshot(io.cucumber.java.Scenario)","status":"passed","statusDetails":{"known":false,"muted":false,"flaky":false},"stage":"finished","steps":[],"attachments":[{"name":"image","source":"4329b7fd-a01b-4e36-9b36-0566d2b0fd61-attachment","type":"image/png"}],"parameters":[],"start":1744632319990,"stop":1744632320102},{"name":"Hooks.SetUp.etape()","status":"passed","statusDetails":{"known":false,"muted":false,"flaky":false},"stage":"finished","steps":[],"attachments":[],"parameters":[],"start":1744632320103,"stop":1744632320103},{"name":"Then I validate  page \"https://www.saucedemo.com/inventory.html\"","status":"passed","statusDetails":{"known":false,"muted":false,"flaky":false},"stage":"finished","steps":[],"attachments":[],"parameters":[],"start":1744632320104,"stop":1744632320118},{"name":"Hooks.SetUp.TakeScreenshot(io.cucumber.java.Scenario)","status":"passed","statusDetails":{"known":false,"muted":false,"flaky":false},"stage":"finished","steps":[],"attachments":[{"name":"image","source":"f80ad852-a4cd-4fe5-87c6-37eda0eb8329-attachment","type":"image/png"}],"parameters":[],"start":1744632320118,"stop":1744632320184},{"name":"Hooks.SetUp.etape()","status":"passed","statusDetails":{"known":false,"muted":false,"flaky":false},"stage":"finished","steps":[],"attachments":[],"parameters":[],"start":1744632320185,"stop":1744632320185},{"name":"Given Choose the first product and click add_to_cart1","status":"passed","statusDetails":{"known":false,"muted":false,"flaky":false},"stage":"finished","steps":[],"attachments":[],"parameters":[],"start":1744632320185,"stop":1744632322369},{"name":"Hooks.SetUp.TakeScreenshot(io.cucumber.java.Scenario)","status":"passed","statusDetails":{"known":false,"muted":false,"flaky":false},"stage":"finished","steps":[],"attachments":[{"name":"image","source":"1b74e141-ac45-416d-9c77-65f73fe0271f-attachment","type":"image/png"}],"parameters":[],"start":1744632322370,"stop":1744632322471},{"name":"Hooks.SetUp.etape()","status":"passed","statusDetails":{"known":false,"muted":false,"flaky":false},"stage":"finished","steps":[],"attachments":[],"parameters":[],"start":1744632322471,"stop":1744632322471},{"name":"When Choose the seecond product and click add_to_cart2","status":"passed","statusDetails":{"known":false,"muted":false,"flaky":false},"stage":"finished","steps":[],"attachments":[],"parameters":[],"start":1744632322472,"stop":1744632324591},{"name":"Hooks.SetUp.TakeScreenshot(io.cucumber.java.Scenario)","status":"passed","statusDetails":{"known":false,"muted":false,"flaky":false},"stage":"finished","steps":[],"attachments":[{"name":"image","source":"c7dc3abe-01c7-49d5-8b76-9805975af86a-attachment","type":"image/png"}],"parameters":[],"start":1744632324592,"stop":1744632324690},{"name":"Hooks.SetUp.etape()","status":"passed","statusDetails":{"known":false,"muted":false,"flaky":false},"stage":"finished","steps":[],"attachments":[],"parameters":[],"start":1744632324691,"stop":1744632324691},{"name":"And click the cart button","status":"passed","statusDetails":{"known":false,"muted":false,"flaky":false},"stage":"finished","steps":[],"attachments":[],"parameters":[],"start":1744632324691,"stop":1744632324765},{"name":"Hooks.SetUp.TakeScreenshot(io.cucumber.java.Scenario)","status":"passed","statusDetails":{"known":false,"muted":false,"flaky":false},"stage":"finished","steps":[],"attachments":[{"name":"image","source":"ed2f9766-9f44-4cdb-b734-b90e51c91dc5-attachment","type":"image/png"}],"parameters":[],"start":1744632324765,"stop":1744632324868},{"name":"Hooks.SetUp.etape()","status":"passed","statusDetails":{"known":false,"muted":false,"flaky":false},"stage":"finished","steps":[],"attachments":[],"parameters":[],"start":1744632324868,"stop":1744632324869},{"name":"Then verify that the two product are added successfully to my cart \"Sauce Labs Backpack\" and \"Sauce Labs Onesie\"","status":"passed","statusDetails":{"known":false,"muted":false,"flaky":false},"stage":"finished","steps":[],"attachments":[],"parameters":[],"start":1744632324869,"stop":1744632329974},{"name":"Hooks.SetUp.TakeScreenshot(io.cucumber.java.Scenario)","status":"passed","statusDetails":{"known":false,"muted":false,"flaky":false},"stage":"finished","steps":[],"attachments":[{"name":"image","source":"3748ad2d-0cef-4a5c-90dd-62eb20090c4c-attachment","type":"image/png"}],"parameters":[],"start":1744632329974,"stop":1744632330108},{"name":"Hooks.SetUp.etape()","status":"passed","statusDetails":{"known":false,"muted":false,"flaky":false},"stage":"finished","steps":[],"attachments":[],"parameters":[],"start":1744632330108,"stop":1744632330109},{"name":"Given i click the checkout button","status":"broken","statusDetails":{"known":false,"muted":false,"flaky":false,"message":"no such element: Unable to locate element: {\"method\":\"xpath\",\"selector\":\"//button[@id='checkout']\"}\n  (Session info: chrome=135.0.7049.85)\n  (Driver info: chromedriver=135.0.7049.84 (6c019e56001911b3fd467e03bf68c435924d62f4-refs/branch-heads/7049@{#1778}),platform=Windows NT 10.0.22631 x86_64) (WARNING: The server did not provide any stacktrace information)\nCommand duration or timeout: 10.05 seconds\nFor documentation on this error, please visit: http://seleniumhq.org/exceptions/no_such_element.html\nBuild info: version: '2.50.1', revision: 'd7fc91b29de65b790abb01f3ac5f7ea2191c88a7', time: '2016-01-29 11:11:26'\nSystem info: host: 'MED-PC', ip: '192.168.1.189', os.name: 'Windows 11', os.arch: 'amd64', os.version: '10.0', java.version: '17.0.11'\nDriver info: org.openqa.selenium.chrome.ChromeDriver\nCapabilities [{mobileEmulationEnabled=false, timeouts={implicit=0, pageLoad=300000, script=30000}, hasTouchScreen=false, platform=XP, acceptSslCerts=false, goog:chromeOptions={debuggerAddress=localhost:49804}, webauthn:extension:credBlob=true, acceptInsecureCerts=false, fedcm:accounts=true, webStorageEnabled=true, browserName=chrome, takesScreenshot=true, javascriptEnabled=true, setWindowRect=true, webauthn:extension:largeBlob=true, unexpectedAlertBehaviour=ignore, rotatable=false, networkConnectionEnabled=false, chrome={chromedriverVersion=135.0.7049.84 (6c019e56001911b3fd467e03bf68c435924d62f4-refs/branch-heads/7049@{#1778}), userDataDir=C:\\WINDOWS\\SystemTemp\\scoped_dir1496_768050863}, takesHeapSnapshot=true, pageLoadStrategy=normal, strictFileInteractability=false, databaseEnabled=false, handlesAlerts=true, version=135.0.7049.85, browserConnectionEnabled=false, proxy={}, nativeEvents=true, webauthn:extension:minPinLength=true, webauthn:extension:prf=true, locationContextEnabled=true, cssSelectorsEnabled=true, webauthn:virtualAuthenticators=true}]\nSession ID: 1a75e258c710327e9ceecb557799fbc1\n*** Element info: {Using=xpath, value=//button[@id='checkout']}","trace":"org.openqa.selenium.NoSuchElementException: no such element: Unable to locate element: {\"method\":\"xpath\",\"selector\":\"//button[@id='checkout']\"}\n  (Session info: chrome=135.0.7049.85)\n  (Driver info: chromedriver=135.0.7049.84 (6c019e56001911b3fd467e03bf68c435924d62f4-refs/branch-heads/7049@{#1778}),platform=Windows NT 10.0.22631 x86_64) (WARNING: The server did not provide any stacktrace information)\nCommand duration or timeout: 10.05 seconds\nFor documentation on this error, please visit: http://seleniumhq.org/exceptions/no_such_element.html\nBuild info: version: '2.50.1', revision: 'd7fc91b29de65b790abb01f3ac5f7ea2191c88a7', time: '2016-01-29 11:11:26'\nSystem info: host: 'MED-PC', ip: '192.168.1.189', os.name: 'Windows 11', os.arch: 'amd64', os.version: '10.0', java.version: '17.0.11'\nDriver info: org.openqa.selenium.chrome.ChromeDriver\nCapabilities [{mobileEmulationEnabled=false, timeouts={implicit=0, pageLoad=300000, script=30000}, hasTouchScreen=false, platform=XP, acceptSslCerts=false, goog:chromeOptions={debuggerAddress=localhost:49804}, webauthn:extension:credBlob=true, acceptInsecureCerts=false, fedcm:accounts=true, webStorageEnabled=true, browserName=chrome, takesScreenshot=true, javascriptEnabled=true, setWindowRect=true, webauthn:extension:largeBlob=true, unexpectedAlertBehaviour=ignore, rotatable=false, networkConnectionEnabled=false, chrome={chromedriverVersion=135.0.7049.84 (6c019e56001911b3fd467e03bf68c435924d62f4-refs/branch-heads/7049@{#1778}), userDataDir=C:\\WINDOWS\\SystemTemp\\scoped_dir1496_768050863}, takesHeapSnapshot=true, pageLoadStrategy=normal, strictFileInteractability=false, databaseEnabled=false, handlesAlerts=true, version=135.0.7049.85, browserConnectionEnabled=false, proxy={}, nativeEvents=true, webauthn:extension:minPinLength=true, webauthn:extension:prf=true, locationContextEnabled=true, cssSelectorsEnabled=true, webauthn:virtualAuthenticators=true}]\nSession ID: 1a75e258c710327e9ceecb557799fbc1\n*** Element info: {Using=xpath, value=//button[@id='checkout']}\r\n\tat java.base/jdk.internal.reflect.NativeConstructorAccessorImpl.newInstance0(Native Method)\r\n\tat java.base/jdk.internal.reflect.NativeConstructorAccessorImpl.newInstance(NativeConstructorAccessorImpl.java:77)\r\n\tat java.base/jdk.internal.reflect.DelegatingConstructorAccessorImpl.newInstance(DelegatingConstructorAccessorImpl.java:45)\r\n\tat java.base/java.lang.reflect.Constructor.newInstanceWithCaller(Constructor.java:499)\r\n\tat java.base/java.lang.reflect.Constructor.newInstance(Constructor.java:480)\r\n\tat org.openqa.selenium.remote.ErrorHandler.createThrowable(ErrorHandler.java:206)\r\n\tat org.openqa.selenium.remote.ErrorHandler.throwIfResponseFailed(ErrorHandler.java:158)\r\n\tat org.openqa.selenium.remote.RemoteWebDriver.execute(RemoteWebDriver.java:678)\r\n\tat org.openqa.selenium.remote.RemoteWebDriver.findElement(RemoteWebDriver.java:363)\r\n\tat org.openqa.selenium.remote.RemoteWebDriver.findElementByXPath(RemoteWebDriver.java:500)\r\n\tat org.openqa.selenium.By$ByXPath.findElement(By.java:361)\r\n\tat org.openqa.selenium.remote.RemoteWebDriver.findElement(RemoteWebDriver.java:355)\r\n\tat org.openqa.selenium.support.pagefactory.DefaultElementLocator.findElement(DefaultElementLocator.java:69)\r\n\tat org.openqa.selenium.support.pagefactory.internal.LocatingElementHandler.invoke(LocatingElementHandler.java:38)\r\n\tat jdk.proxy2/jdk.proxy2.$Proxy24.click(Unknown Source)\r\n\tat PageObject.PaymentPage.click_Checkout(PaymentPage.java:49)\r\n\tat StepDefinition.PayPage_StepDef.i_click_the_checkout_button(PayPage_StepDef.java:18)\r\n\tat ✽.i click the checkout button(file:///C:/Users/medin/git/repository2/SauceDemoPOM/src/test/features/PaymentPage/Payement.feature:19)\r\n"},"stage":"finished","steps":[],"attachments":[],"parameters":[],"start":1744632330109,"stop":1744632340168},{"name":"Hooks.SetUp.TakeScreenshot(io.cucumber.java.Scenario)","status":"passed","statusDetails":{"known":false,"muted":false,"flaky":false},"stage":"finished","steps":[],"attachments":[{"name":"image","source":"0842b7cd-538a-47ba-9d0d-762a5decb0de-attachment","type":"image/png"}],"parameters":[],"start":1744632340174,"stop":1744632340266},{"name":"Hooks.SetUp.etape()","status":"skipped","statusDetails":{"known":false,"muted":false,"flaky":false},"stage":"finished","steps":[],"attachments":[],"parameters":[],"start":1744632340266,"stop":1744632340267},{"name":"When i enter the First Name \"mohamed\"","status":"skipped","statusDetails":{"known":false,"muted":false,"flaky":false},"stage":"finished","steps":[],"attachments":[],"parameters":[],"start":1744632340267,"stop":1744632340269},{"name":"Hooks.SetUp.TakeScreenshot(io.cucumber.java.Scenario)","status":"skipped","statusDetails":{"known":false,"muted":false,"flaky":false},"stage":"finished","steps":[],"attachments":[],"parameters":[],"start":1744632340269,"stop":1744632340270},{"name":"Hooks.SetUp.etape()","status":"skipped","statusDetails":{"known":false,"muted":false,"flaky":false},"stage":"finished","steps":[],"attachments":[],"parameters":[],"start":1744632340270,"stop":1744632340271},{"name":"And i enter the Last Name  \"medini\"","status":"skipped","statusDetails":{"known":false,"muted":false,"flaky":false},"stage":"finished","steps":[],"attachments":[],"parameters":[],"start":1744632340271,"stop":1744632340271},{"name":"Hooks.SetUp.TakeScreenshot(io.cucumber.java.Scenario)","status":"skipped","statusDetails":{"known":false,"muted":false,"flaky":false},"stage":"finished","steps":[],"attachments":[],"parameters":[],"start":1744632340271,"stop":1744632340271},{"name":"Hooks.SetUp.etape()","status":"skipped","statusDetails":{"known":false,"muted":false,"flaky":false},"stage":"finished","steps":[],"attachments":[],"parameters":[],"start":1744632340272,"stop":1744632340272},{"name":"And i enter the Zip Code \"<Zip>\"","status":"skipped","statusDetails":{"known":false,"muted":false,"flaky":false},"stage":"finished","steps":[],"attachments":[],"parameters":[],"start":1744632340272,"stop":1744632340272},{"name":"Hooks.SetUp.TakeScreenshot(io.cucumber.java.Scenario)","status":"skipped","statusDetails":{"known":false,"muted":false,"flaky":false},"stage":"finished","steps":[],"attachments":[],"parameters":[],"start":1744632340273,"stop":1744632340273},{"name":"Hooks.SetUp.etape()","status":"skipped","statusDetails":{"known":false,"muted":false,"flaky":false},"stage":"finished","steps":[],"attachments":[],"parameters":[],"start":1744632340273,"stop":1744632340273},{"name":"And i click the continue button","status":"skipped","statusDetails":{"known":false,"muted":false,"flaky":false},"stage":"finished","steps":[],"attachments":[],"parameters":[],"start":1744632340273,"stop":1744632340273},{"name":"Hooks.SetUp.TakeScreenshot(io.cucumber.java.Scenario)","status":"skipped","statusDetails":{"known":false,"muted":false,"flaky":false},"stage":"finished","steps":[],"attachments":[],"parameters":[],"start":1744632340273,"stop":1744632340273},{"name":"Hooks.SetUp.etape()","status":"skipped","statusDetails":{"known":false,"muted":false,"flaky":false},"stage":"finished","steps":[],"attachments":[],"parameters":[],"start":1744632340273,"stop":1744632340275},{"name":"And i click the finish button","status":"skipped","statusDetails":{"known":false,"muted":false,"flaky":false},"stage":"finished","steps":[],"attachments":[],"parameters":[],"start":1744632340275,"stop":1744632340275},{"name":"Hooks.SetUp.TakeScreenshot(io.cucumber.java.Scenario)","status":"skipped","statusDetails":{"known":false,"muted":false,"flaky":false},"stage":"finished","steps":[],"attachments":[],"parameters":[],"start":1744632340275,"stop":1744632340275},{"name":"Hooks.SetUp.etape()","status":"skipped","statusDetails":{"known":false,"muted":false,"flaky":false},"stage":"finished","steps":[],"attachments":[],"parameters":[],"start":1744632340275,"stop":1744632340276},{"name":"Then i verify the payment with the message \"Thank you for your order!\"","status":"skipped","statusDetails":{"known":false,"muted":false,"flaky":false},"stage":"finished","steps":[],"attachments":[],"parameters":[],"start":1744632340276,"stop":1744632340276},{"name":"Hooks.SetUp.TakeScreenshot(io.cucumber.java.Scenario)","status":"skipped","statusDetails":{"known":false,"muted":false,"flaky":false},"stage":"finished","steps":[],"attachments":[],"parameters":[],"start":1744632340276,"stop":1744632340277}],"attachments":[],"parameters":[{"name":"first name","value":"mohamed"},{"name":"last name","value":"medini"},{"name":"zip","value":"9030"}],"start":1744632310251,"stop":1744632340600}