{"uid":"6ce5a2a630f4029f","name":"Payment with foor carts","fullName":"src/test/features/PaymentPage/Payement.feature:29","historyId":"f3830dc2a755575901708395ee22da8e","time":{"start":1744632310251,"stop":1744632340600,"duration":30349},"description":"  I want to pay the product","descriptionHtml":"<p>I want to pay the product</p>\n","status":"broken","statusMessage":"no such element: Unable to locate element: {\"method\":\"xpath\",\"selector\":\"//button[@id='checkout']\"}\n  (Session info: chrome=135.0.7049.85)\n  (Driver info: chromedriver=135.0.7049.84 (6c019e56001911b3fd467e03bf68c435924d62f4-refs/branch-heads/7049@{#1778}),platform=Windows NT 10.0.22631 x86_64) (WARNING: The server did not provide any stacktrace information)\nCommand duration or timeout: 10.05 seconds\nFor documentation on this error, please visit: http://seleniumhq.org/exceptions/no_such_element.html\nBuild info: version: '2.50.1', revision: 'd7fc91b29de65b790abb01f3ac5f7ea2191c88a7', time: '2016-01-29 11:11:26'\nSystem info: host: 'MED-PC', ip: '192.168.1.189', os.name: 'Windows 11', os.arch: 'amd64', os.version: '10.0', java.version: '17.0.11'\nDriver info: org.openqa.selenium.chrome.ChromeDriver\nCapabilities [{mobileEmulationEnabled=false, timeouts={implicit=0, pageLoad=300000, script=30000}, hasTouchScreen=false, platform=XP, acceptSslCerts=false, goog:chromeOptions={debuggerAddress=localhost:49804}, webauthn:extension:credBlob=true, acceptInsecureCerts=false, fedcm:accounts=true, webStorageEnabled=true, browserName=chrome, takesScreenshot=true, javascriptEnabled=true, setWindowRect=true, webauthn:extension:largeBlob=true, unexpectedAlertBehaviour=ignore, rotatable=false, networkConnectionEnabled=false, chrome={chromedriverVersion=135.0.7049.84 (6c019e56001911b3fd467e03bf68c435924d62f4-refs/branch-heads/7049@{#1778}), userDataDir=C:\\WINDOWS\\SystemTemp\\scoped_dir1496_768050863}, takesHeapSnapshot=true, pageLoadStrategy=normal, strictFileInteractability=false, databaseEnabled=false, handlesAlerts=true, version=135.0.7049.85, browserConnectionEnabled=false, proxy={}, nativeEvents=true, webauthn:extension:minPinLength=true, webauthn:extension:prf=true, locationContextEnabled=true, cssSelectorsEnabled=true, webauthn:virtualAuthenticators=true}]\nSession ID: 1a75e258c710327e9ceecb557799fbc1\n*** Element info: {Using=xpath, value=//button[@id='checkout']}","statusTrace":"org.openqa.selenium.NoSuchElementException: no such element: Unable to locate element: {\"method\":\"xpath\",\"selector\":\"//button[@id='checkout']\"}\n  (Session info: chrome=135.0.7049.85)\n  (Driver info: chromedriver=135.0.7049.84 (6c019e56001911b3fd467e03bf68c435924d62f4-refs/branch-heads/7049@{#1778}),platform=Windows NT 10.0.22631 x86_64) (WARNING: The server did not provide any stacktrace information)\nCommand duration or timeout: 10.05 seconds\nFor documentation on this error, please visit: http://seleniumhq.org/exceptions/no_such_element.html\nBuild info: version: '2.50.1', revision: 'd7fc91b29de65b790abb01f3ac5f7ea2191c88a7', time: '2016-01-29 11:11:26'\nSystem info: host: 'MED-PC', ip: '192.168.1.189', os.name: 'Windows 11', os.arch: 'amd64', os.version: '10.0', java.version: '17.0.11'\nDriver info: org.openqa.selenium.chrome.ChromeDriver\nCapabilities [{mobileEmulationEnabled=false, timeouts={implicit=0, pageLoad=300000, script=30000}, hasTouchScreen=false, platform=XP, acceptSslCerts=false, goog:chromeOptions={debuggerAddress=localhost:49804}, webauthn:extension:credBlob=true, acceptInsecureCerts=false, fedcm:accounts=true, webStorageEnabled=true, browserName=chrome, takesScreenshot=true, javascriptEnabled=true, setWindowRect=true, webauthn:extension:largeBlob=true, unexpectedAlertBehaviour=ignore, rotatable=false, networkConnectionEnabled=false, chrome={chromedriverVersion=135.0.7049.84 (6c019e56001911b3fd467e03bf68c435924d62f4-refs/branch-heads/7049@{#1778}), userDataDir=C:\\WINDOWS\\SystemTemp\\scoped_dir1496_768050863}, takesHeapSnapshot=true, pageLoadStrategy=normal, strictFileInteractability=false, databaseEnabled=false, handlesAlerts=true, version=135.0.7049.85, browserConnectionEnabled=false, proxy={}, nativeEvents=true, webauthn:extension:minPinLength=true, webauthn:extension:prf=true, locationContextEnabled=true, cssSelectorsEnabled=true, webauthn:virtualAuthenticators=true}]\nSession ID: 1a75e258c710327e9ceecb557799fbc1\n*** Element info: {Using=xpath, value=//button[@id='checkout']}\r\n\tat java.base/jdk.internal.reflect.NativeConstructorAccessorImpl.newInstance0(Native Method)\r\n\tat java.base/jdk.internal.reflect.NativeConstructorAccessorImpl.newInstance(NativeConstructorAccessorImpl.java:77)\r\n\tat java.base/jdk.internal.reflect.DelegatingConstructorAccessorImpl.newInstance(DelegatingConstructorAccessorImpl.java:45)\r\n\tat java.base/java.lang.reflect.Constructor.newInstanceWithCaller(Constructor.java:499)\r\n\tat java.base/java.lang.reflect.Constructor.newInstance(Constructor.java:480)\r\n\tat org.openqa.selenium.remote.ErrorHandler.createThrowable(ErrorHandler.java:206)\r\n\tat org.openqa.selenium.remote.ErrorHandler.throwIfResponseFailed(ErrorHandler.java:158)\r\n\tat org.openqa.selenium.remote.RemoteWebDriver.execute(RemoteWebDriver.java:678)\r\n\tat org.openqa.selenium.remote.RemoteWebDriver.findElement(RemoteWebDriver.java:363)\r\n\tat org.openqa.selenium.remote.RemoteWebDriver.findElementByXPath(RemoteWebDriver.java:500)\r\n\tat org.openqa.selenium.By$ByXPath.findElement(By.java:361)\r\n\tat org.openqa.selenium.remote.RemoteWebDriver.findElement(RemoteWebDriver.java:355)\r\n\tat org.openqa.selenium.support.pagefactory.DefaultElementLocator.findElement(DefaultElementLocator.java:69)\r\n\tat org.openqa.selenium.support.pagefactory.internal.LocatingElementHandler.invoke(LocatingElementHandler.java:38)\r\n\tat jdk.proxy2/jdk.proxy2.$Proxy24.click(Unknown Source)\r\n\tat PageObject.PaymentPage.click_Checkout(PaymentPage.java:49)\r\n\tat StepDefinition.PayPage_StepDef.i_click_the_checkout_button(PayPage_StepDef.java:18)\r\n\tat ✽.i click the checkout button(file:///C:/Users/medin/git/repository2/SauceDemoPOM/src/test/features/PaymentPage/Payement.feature:19)\r\n","flaky":false,"newFailed":false,"newBroken":false,"newPassed":false,"retriesCount":0,"retriesStatusChange":false,"beforeStages":[{"name":"Hooks.SetUp.initial()","time":{"start":1744632310421,"stop":1744632313696,"duration":3275},"status":"passed","steps":[],"attachments":[],"parameters":[],"attachmentsCount":0,"shouldDisplayMessage":false,"stepsCount":0,"hasContent":false,"attachmentStep":false}],"testStage":{"description":"  I want to pay the product","status":"broken","statusMessage":"no such element: Unable to locate element: {\"method\":\"xpath\",\"selector\":\"//button[@id='checkout']\"}\n  (Session info: chrome=135.0.7049.85)\n  (Driver info: chromedriver=135.0.7049.84 (6c019e56001911b3fd467e03bf68c435924d62f4-refs/branch-heads/7049@{#1778}),platform=Windows NT 10.0.22631 x86_64) (WARNING: The server did not provide any stacktrace information)\nCommand duration or timeout: 10.05 seconds\nFor documentation on this error, please visit: http://seleniumhq.org/exceptions/no_such_element.html\nBuild info: version: '2.50.1', revision: 'd7fc91b29de65b790abb01f3ac5f7ea2191c88a7', time: '2016-01-29 11:11:26'\nSystem info: host: 'MED-PC', ip: '192.168.1.189', os.name: 'Windows 11', os.arch: 'amd64', os.version: '10.0', java.version: '17.0.11'\nDriver info: org.openqa.selenium.chrome.ChromeDriver\nCapabilities [{mobileEmulationEnabled=false, timeouts={implicit=0, pageLoad=300000, script=30000}, hasTouchScreen=false, platform=XP, acceptSslCerts=false, goog:chromeOptions={debuggerAddress=localhost:49804}, webauthn:extension:credBlob=true, acceptInsecureCerts=false, fedcm:accounts=true, webStorageEnabled=true, browserName=chrome, takesScreenshot=true, javascriptEnabled=true, setWindowRect=true, webauthn:extension:largeBlob=true, unexpectedAlertBehaviour=ignore, rotatable=false, networkConnectionEnabled=false, chrome={chromedriverVersion=135.0.7049.84 (6c019e56001911b3fd467e03bf68c435924d62f4-refs/branch-heads/7049@{#1778}), userDataDir=C:\\WINDOWS\\SystemTemp\\scoped_dir1496_768050863}, takesHeapSnapshot=true, pageLoadStrategy=normal, strictFileInteractability=false, databaseEnabled=false, handlesAlerts=true, version=135.0.7049.85, browserConnectionEnabled=false, proxy={}, nativeEvents=true, webauthn:extension:minPinLength=true, webauthn:extension:prf=true, locationContextEnabled=true, cssSelectorsEnabled=true, webauthn:virtualAuthenticators=true}]\nSession ID: 1a75e258c710327e9ceecb557799fbc1\n*** Element info: {Using=xpath, value=//button[@id='checkout']}","statusTrace":"org.openqa.selenium.NoSuchElementException: no such element: Unable to locate element: {\"method\":\"xpath\",\"selector\":\"//button[@id='checkout']\"}\n  (Session info: chrome=135.0.7049.85)\n  (Driver info: chromedriver=135.0.7049.84 (6c019e56001911b3fd467e03bf68c435924d62f4-refs/branch-heads/7049@{#1778}),platform=Windows NT 10.0.22631 x86_64) (WARNING: The server did not provide any stacktrace information)\nCommand duration or timeout: 10.05 seconds\nFor documentation on this error, please visit: http://seleniumhq.org/exceptions/no_such_element.html\nBuild info: version: '2.50.1', revision: 'd7fc91b29de65b790abb01f3ac5f7ea2191c88a7', time: '2016-01-29 11:11:26'\nSystem info: host: 'MED-PC', ip: '192.168.1.189', os.name: 'Windows 11', os.arch: 'amd64', os.version: '10.0', java.version: '17.0.11'\nDriver info: org.openqa.selenium.chrome.ChromeDriver\nCapabilities [{mobileEmulationEnabled=false, timeouts={implicit=0, pageLoad=300000, script=30000}, hasTouchScreen=false, platform=XP, acceptSslCerts=false, goog:chromeOptions={debuggerAddress=localhost:49804}, webauthn:extension:credBlob=true, acceptInsecureCerts=false, fedcm:accounts=true, webStorageEnabled=true, browserName=chrome, takesScreenshot=true, javascriptEnabled=true, setWindowRect=true, webauthn:extension:largeBlob=true, unexpectedAlertBehaviour=ignore, rotatable=false, networkConnectionEnabled=false, chrome={chromedriverVersion=135.0.7049.84 (6c019e56001911b3fd467e03bf68c435924d62f4-refs/branch-heads/7049@{#1778}), userDataDir=C:\\WINDOWS\\SystemTemp\\scoped_dir1496_768050863}, takesHeapSnapshot=true, pageLoadStrategy=normal, strictFileInteractability=false, databaseEnabled=false, handlesAlerts=true, version=135.0.7049.85, browserConnectionEnabled=false, proxy={}, nativeEvents=true, webauthn:extension:minPinLength=true, webauthn:extension:prf=true, locationContextEnabled=true, cssSelectorsEnabled=true, webauthn:virtualAuthenticators=true}]\nSession ID: 1a75e258c710327e9ceecb557799fbc1\n*** Element info: {Using=xpath, value=//button[@id='checkout']}\r\n\tat java.base/jdk.internal.reflect.NativeConstructorAccessorImpl.newInstance0(Native Method)\r\n\tat java.base/jdk.internal.reflect.NativeConstructorAccessorImpl.newInstance(NativeConstructorAccessorImpl.java:77)\r\n\tat java.base/jdk.internal.reflect.DelegatingConstructorAccessorImpl.newInstance(DelegatingConstructorAccessorImpl.java:45)\r\n\tat java.base/java.lang.reflect.Constructor.newInstanceWithCaller(Constructor.java:499)\r\n\tat java.base/java.lang.reflect.Constructor.newInstance(Constructor.java:480)\r\n\tat org.openqa.selenium.remote.ErrorHandler.createThrowable(ErrorHandler.java:206)\r\n\tat org.openqa.selenium.remote.ErrorHandler.throwIfResponseFailed(ErrorHandler.java:158)\r\n\tat org.openqa.selenium.remote.RemoteWebDriver.execute(RemoteWebDriver.java:678)\r\n\tat org.openqa.selenium.remote.RemoteWebDriver.findElement(RemoteWebDriver.java:363)\r\n\tat org.openqa.selenium.remote.RemoteWebDriver.findElementByXPath(RemoteWebDriver.java:500)\r\n\tat org.openqa.selenium.By$ByXPath.findElement(By.java:361)\r\n\tat org.openqa.selenium.remote.RemoteWebDriver.findElement(RemoteWebDriver.java:355)\r\n\tat org.openqa.selenium.support.pagefactory.DefaultElementLocator.findElement(DefaultElementLocator.java:69)\r\n\tat org.openqa.selenium.support.pagefactory.internal.LocatingElementHandler.invoke(LocatingElementHandler.java:38)\r\n\tat jdk.proxy2/jdk.proxy2.$Proxy24.click(Unknown Source)\r\n\tat PageObject.PaymentPage.click_Checkout(PaymentPage.java:49)\r\n\tat StepDefinition.PayPage_StepDef.i_click_the_checkout_button(PayPage_StepDef.java:18)\r\n\tat ✽.i click the checkout button(file:///C:/Users/medin/git/repository2/SauceDemoPOM/src/test/features/PaymentPage/Payement.feature:19)\r\n","steps":[{"name":"Hooks.SetUp.etape()","time":{"start":1744632313752,"stop":1744632313756,"duration":4},"status":"passed","steps":[],"attachments":[],"parameters":[],"attachmentsCount":0,"shouldDisplayMessage":false,"stepsCount":0,"hasContent":false,"attachmentStep":false},{"name":"Given I enter  url \"https://www.saucedemo.com/\"","time":{"start":1744632313757,"stop":1744632319396,"duration":5639},"status":"passed","steps":[],"attachments":[],"parameters":[],"attachmentsCount":0,"shouldDisplayMessage":false,"stepsCount":0,"hasContent":false,"attachmentStep":false},{"name":"Hooks.SetUp.TakeScreenshot(io.cucumber.java.Scenario)","time":{"start":1744632319398,"stop":1744632319505,"duration":107},"status":"passed","steps":[],"attachments":[{"uid":"e2990354b634dac5","name":"image","source":"e2990354b634dac5.png","type":"image/png","size":26533}],"parameters":[],"attachmentsCount":1,"shouldDisplayMessage":false,"stepsCount":0,"hasContent":true,"attachmentStep":false},{"name":"Hooks.SetUp.etape()","time":{"start":1744632319505,"stop":1744632319505,"duration":0},"status":"passed","steps":[],"attachments":[],"parameters":[],"attachmentsCount":0,"shouldDisplayMessage":false,"stepsCount":0,"hasContent":false,"attachmentStep":false},{"name":"When I enter  username \"standard_user\"","time":{"start":1744632319507,"stop":1744632319623,"duration":116},"status":"passed","steps":[],"attachments":[],"parameters":[],"attachmentsCount":0,"shouldDisplayMessage":false,"stepsCount":0,"hasContent":false,"attachmentStep":false},{"name":"Hooks.SetUp.TakeScreenshot(io.cucumber.java.Scenario)","time":{"start":1744632319623,"stop":1744632319693,"duration":70},"status":"passed","steps":[],"attachments":[{"uid":"1b762e0bd76a2bad","name":"image","source":"1b762e0bd76a2bad.png","type":"image/png","size":27129}],"parameters":[],"attachmentsCount":1,"shouldDisplayMessage":false,"stepsCount":0,"hasContent":true,"attachmentStep":false},{"name":"Hooks.SetUp.etape()","time":{"start":1744632319693,"stop":1744632319695,"duration":2},"status":"passed","steps":[],"attachments":[],"parameters":[],"attachmentsCount":0,"shouldDisplayMessage":false,"stepsCount":0,"hasContent":false,"attachmentStep":false},{"name":"And I enter  password \"secret_sauce\"","time":{"start":1744632319696,"stop":1744632319772,"duration":76},"status":"passed","steps":[],"attachments":[],"parameters":[],"attachmentsCount":0,"shouldDisplayMessage":false,"stepsCount":0,"hasContent":false,"attachmentStep":false},{"name":"Hooks.SetUp.TakeScreenshot(io.cucumber.java.Scenario)","time":{"start":1744632319772,"stop":1744632319847,"duration":75},"status":"passed","steps":[],"attachments":[{"uid":"a5d6b2577dfad441","name":"image","source":"a5d6b2577dfad441.png","type":"image/png","size":26218}],"parameters":[],"attachmentsCount":1,"shouldDisplayMessage":false,"stepsCount":0,"hasContent":true,"attachmentStep":false},{"name":"Hooks.SetUp.etape()","time":{"start":1744632319847,"stop":1744632319848,"duration":1},"status":"passed","steps":[],"attachments":[],"parameters":[],"attachmentsCount":0,"shouldDisplayMessage":false,"stepsCount":0,"hasContent":false,"attachmentStep":false},{"name":"And I click  login button","time":{"start":1744632319848,"stop":1744632319989,"duration":141},"status":"passed","steps":[],"attachments":[],"parameters":[],"attachmentsCount":0,"shouldDisplayMessage":false,"stepsCount":0,"hasContent":false,"attachmentStep":false},{"name":"Hooks.SetUp.TakeScreenshot(io.cucumber.java.Scenario)","time":{"start":1744632319990,"stop":1744632320102,"duration":112},"status":"passed","steps":[],"attachments":[{"uid":"790b539f768ca0c3","name":"image","source":"790b539f768ca0c3.png","type":"image/png","size":98421}],"parameters":[],"attachmentsCount":1,"shouldDisplayMessage":false,"stepsCount":0,"hasContent":true,"attachmentStep":false},{"name":"Hooks.SetUp.etape()","time":{"start":1744632320103,"stop":1744632320103,"duration":0},"status":"passed","steps":[],"attachments":[],"parameters":[],"attachmentsCount":0,"shouldDisplayMessage":false,"stepsCount":0,"hasContent":false,"attachmentStep":false},{"name":"Then I validate  page \"https://www.saucedemo.com/inventory.html\"","time":{"start":1744632320104,"stop":1744632320118,"duration":14},"status":"passed","steps":[],"attachments":[],"parameters":[],"attachmentsCount":0,"shouldDisplayMessage":false,"stepsCount":0,"hasContent":false,"attachmentStep":false},{"name":"Hooks.SetUp.TakeScreenshot(io.cucumber.java.Scenario)","time":{"start":1744632320118,"stop":1744632320184,"duration":66},"status":"passed","steps":[],"attachments":[{"uid":"95e3829a18aef24f","name":"image","source":"95e3829a18aef24f.png","type":"image/png","size":102302}],"parameters":[],"attachmentsCount":1,"shouldDisplayMessage":false,"stepsCount":0,"hasContent":true,"attachmentStep":false},{"name":"Hooks.SetUp.etape()","time":{"start":1744632320185,"stop":1744632320185,"duration":0},"status":"passed","steps":[],"attachments":[],"parameters":[],"attachmentsCount":0,"shouldDisplayMessage":false,"stepsCount":0,"hasContent":false,"attachmentStep":false},{"name":"Given Choose the first product and click add_to_cart1","time":{"start":1744632320185,"stop":1744632322369,"duration":2184},"status":"passed","steps":[],"attachments":[],"parameters":[],"attachmentsCount":0,"shouldDisplayMessage":false,"stepsCount":0,"hasContent":false,"attachmentStep":false},{"name":"Hooks.SetUp.TakeScreenshot(io.cucumber.java.Scenario)","time":{"start":1744632322370,"stop":1744632322471,"duration":101},"status":"passed","steps":[],"attachments":[{"uid":"8a16e8b9cda4b047","name":"image","source":"8a16e8b9cda4b047.png","type":"image/png","size":102302}],"parameters":[],"attachmentsCount":1,"shouldDisplayMessage":false,"stepsCount":0,"hasContent":true,"attachmentStep":false},{"name":"Hooks.SetUp.etape()","time":{"start":1744632322471,"stop":1744632322471,"duration":0},"status":"passed","steps":[],"attachments":[],"parameters":[],"attachmentsCount":0,"shouldDisplayMessage":false,"stepsCount":0,"hasContent":false,"attachmentStep":false},{"name":"When Choose the seecond product and click add_to_cart2","time":{"start":1744632322472,"stop":1744632324591,"duration":2119},"status":"passed","steps":[],"attachments":[],"parameters":[],"attachmentsCount":0,"shouldDisplayMessage":false,"stepsCount":0,"hasContent":false,"attachmentStep":false},{"name":"Hooks.SetUp.TakeScreenshot(io.cucumber.java.Scenario)","time":{"start":1744632324592,"stop":1744632324690,"duration":98},"status":"passed","steps":[],"attachments":[{"uid":"cfdd87e59aee631c","name":"image","source":"cfdd87e59aee631c.png","type":"image/png","size":127909}],"parameters":[],"attachmentsCount":1,"shouldDisplayMessage":false,"stepsCount":0,"hasContent":true,"attachmentStep":false},{"name":"Hooks.SetUp.etape()","time":{"start":1744632324691,"stop":1744632324691,"duration":0},"status":"passed","steps":[],"attachments":[],"parameters":[],"attachmentsCount":0,"shouldDisplayMessage":false,"stepsCount":0,"hasContent":false,"attachmentStep":false},{"name":"And click the cart button","time":{"start":1744632324691,"stop":1744632324765,"duration":74},"status":"passed","steps":[],"attachments":[],"parameters":[],"attachmentsCount":0,"shouldDisplayMessage":false,"stepsCount":0,"hasContent":false,"attachmentStep":false},{"name":"Hooks.SetUp.TakeScreenshot(io.cucumber.java.Scenario)","time":{"start":1744632324765,"stop":1744632324868,"duration":103},"status":"passed","steps":[],"attachments":[{"uid":"6de29966bc578c0d","name":"image","source":"6de29966bc578c0d.png","type":"image/png","size":104508}],"parameters":[],"attachmentsCount":1,"shouldDisplayMessage":false,"stepsCount":0,"hasContent":true,"attachmentStep":false},{"name":"Hooks.SetUp.etape()","time":{"start":1744632324868,"stop":1744632324869,"duration":1},"status":"passed","steps":[],"attachments":[],"parameters":[],"attachmentsCount":0,"shouldDisplayMessage":false,"stepsCount":0,"hasContent":false,"attachmentStep":false},{"name":"Then verify that the two product are added successfully to my cart \"Sauce Labs Backpack\" and \"Sauce Labs Onesie\"","time":{"start":1744632324869,"stop":1744632329974,"duration":5105},"status":"passed","steps":[],"attachments":[],"parameters":[],"attachmentsCount":0,"shouldDisplayMessage":false,"stepsCount":0,"hasContent":false,"attachmentStep":false},{"name":"Hooks.SetUp.TakeScreenshot(io.cucumber.java.Scenario)","time":{"start":1744632329974,"stop":1744632330108,"duration":134},"status":"passed","steps":[],"attachments":[{"uid":"1754109750ae053b","name":"image","source":"1754109750ae053b.png","type":"image/png","size":104508}],"parameters":[],"attachmentsCount":1,"shouldDisplayMessage":false,"stepsCount":0,"hasContent":true,"attachmentStep":false},{"name":"Hooks.SetUp.etape()","time":{"start":1744632330108,"stop":1744632330109,"duration":1},"status":"passed","steps":[],"attachments":[],"parameters":[],"attachmentsCount":0,"shouldDisplayMessage":false,"stepsCount":0,"hasContent":false,"attachmentStep":false},{"name":"Given i click the checkout button","time":{"start":1744632330109,"stop":1744632340168,"duration":10059},"status":"broken","statusMessage":"no such element: Unable to locate element: {\"method\":\"xpath\",\"selector\":\"//button[@id='checkout']\"}\n  (Session info: chrome=135.0.7049.85)\n  (Driver info: chromedriver=135.0.7049.84 (6c019e56001911b3fd467e03bf68c435924d62f4-refs/branch-heads/7049@{#1778}),platform=Windows NT 10.0.22631 x86_64) (WARNING: The server did not provide any stacktrace information)\nCommand duration or timeout: 10.05 seconds\nFor documentation on this error, please visit: http://seleniumhq.org/exceptions/no_such_element.html\nBuild info: version: '2.50.1', revision: 'd7fc91b29de65b790abb01f3ac5f7ea2191c88a7', time: '2016-01-29 11:11:26'\nSystem info: host: 'MED-PC', ip: '192.168.1.189', os.name: 'Windows 11', os.arch: 'amd64', os.version: '10.0', java.version: '17.0.11'\nDriver info: org.openqa.selenium.chrome.ChromeDriver\nCapabilities [{mobileEmulationEnabled=false, timeouts={implicit=0, pageLoad=300000, script=30000}, hasTouchScreen=false, platform=XP, acceptSslCerts=false, goog:chromeOptions={debuggerAddress=localhost:49804}, webauthn:extension:credBlob=true, acceptInsecureCerts=false, fedcm:accounts=true, webStorageEnabled=true, browserName=chrome, takesScreenshot=true, javascriptEnabled=true, setWindowRect=true, webauthn:extension:largeBlob=true, unexpectedAlertBehaviour=ignore, rotatable=false, networkConnectionEnabled=false, chrome={chromedriverVersion=135.0.7049.84 (6c019e56001911b3fd467e03bf68c435924d62f4-refs/branch-heads/7049@{#1778}), userDataDir=C:\\WINDOWS\\SystemTemp\\scoped_dir1496_768050863}, takesHeapSnapshot=true, pageLoadStrategy=normal, strictFileInteractability=false, databaseEnabled=false, handlesAlerts=true, version=135.0.7049.85, browserConnectionEnabled=false, proxy={}, nativeEvents=true, webauthn:extension:minPinLength=true, webauthn:extension:prf=true, locationContextEnabled=true, cssSelectorsEnabled=true, webauthn:virtualAuthenticators=true}]\nSession ID: 1a75e258c710327e9ceecb557799fbc1\n*** Element info: {Using=xpath, value=//button[@id='checkout']}","statusTrace":"org.openqa.selenium.NoSuchElementException: no such element: Unable to locate element: {\"method\":\"xpath\",\"selector\":\"//button[@id='checkout']\"}\n  (Session info: chrome=135.0.7049.85)\n  (Driver info: chromedriver=135.0.7049.84 (6c019e56001911b3fd467e03bf68c435924d62f4-refs/branch-heads/7049@{#1778}),platform=Windows NT 10.0.22631 x86_64) (WARNING: The server did not provide any stacktrace information)\nCommand duration or timeout: 10.05 seconds\nFor documentation on this error, please visit: http://seleniumhq.org/exceptions/no_such_element.html\nBuild info: version: '2.50.1', revision: 'd7fc91b29de65b790abb01f3ac5f7ea2191c88a7', time: '2016-01-29 11:11:26'\nSystem info: host: 'MED-PC', ip: '192.168.1.189', os.name: 'Windows 11', os.arch: 'amd64', os.version: '10.0', java.version: '17.0.11'\nDriver info: org.openqa.selenium.chrome.ChromeDriver\nCapabilities [{mobileEmulationEnabled=false, timeouts={implicit=0, pageLoad=300000, script=30000}, hasTouchScreen=false, platform=XP, acceptSslCerts=false, goog:chromeOptions={debuggerAddress=localhost:49804}, webauthn:extension:credBlob=true, acceptInsecureCerts=false, fedcm:accounts=true, webStorageEnabled=true, browserName=chrome, takesScreenshot=true, javascriptEnabled=true, setWindowRect=true, webauthn:extension:largeBlob=true, unexpectedAlertBehaviour=ignore, rotatable=false, networkConnectionEnabled=false, chrome={chromedriverVersion=135.0.7049.84 (6c019e56001911b3fd467e03bf68c435924d62f4-refs/branch-heads/7049@{#1778}), userDataDir=C:\\WINDOWS\\SystemTemp\\scoped_dir1496_768050863}, takesHeapSnapshot=true, pageLoadStrategy=normal, strictFileInteractability=false, databaseEnabled=false, handlesAlerts=true, version=135.0.7049.85, browserConnectionEnabled=false, proxy={}, nativeEvents=true, webauthn:extension:minPinLength=true, webauthn:extension:prf=true, locationContextEnabled=true, cssSelectorsEnabled=true, webauthn:virtualAuthenticators=true}]\nSession ID: 1a75e258c710327e9ceecb557799fbc1\n*** Element info: {Using=xpath, value=//button[@id='checkout']}\r\n\tat java.base/jdk.internal.reflect.NativeConstructorAccessorImpl.newInstance0(Native Method)\r\n\tat java.base/jdk.internal.reflect.NativeConstructorAccessorImpl.newInstance(NativeConstructorAccessorImpl.java:77)\r\n\tat java.base/jdk.internal.reflect.DelegatingConstructorAccessorImpl.newInstance(DelegatingConstructorAccessorImpl.java:45)\r\n\tat java.base/java.lang.reflect.Constructor.newInstanceWithCaller(Constructor.java:499)\r\n\tat java.base/java.lang.reflect.Constructor.newInstance(Constructor.java:480)\r\n\tat org.openqa.selenium.remote.ErrorHandler.createThrowable(ErrorHandler.java:206)\r\n\tat org.openqa.selenium.remote.ErrorHandler.throwIfResponseFailed(ErrorHandler.java:158)\r\n\tat org.openqa.selenium.remote.RemoteWebDriver.execute(RemoteWebDriver.java:678)\r\n\tat org.openqa.selenium.remote.RemoteWebDriver.findElement(RemoteWebDriver.java:363)\r\n\tat org.openqa.selenium.remote.RemoteWebDriver.findElementByXPath(RemoteWebDriver.java:500)\r\n\tat org.openqa.selenium.By$ByXPath.findElement(By.java:361)\r\n\tat org.openqa.selenium.remote.RemoteWebDriver.findElement(RemoteWebDriver.java:355)\r\n\tat org.openqa.selenium.support.pagefactory.DefaultElementLocator.findElement(DefaultElementLocator.java:69)\r\n\tat org.openqa.selenium.support.pagefactory.internal.LocatingElementHandler.invoke(LocatingElementHandler.java:38)\r\n\tat jdk.proxy2/jdk.proxy2.$Proxy24.click(Unknown Source)\r\n\tat PageObject.PaymentPage.click_Checkout(PaymentPage.java:49)\r\n\tat StepDefinition.PayPage_StepDef.i_click_the_checkout_button(PayPage_StepDef.java:18)\r\n\tat ✽.i click the checkout button(file:///C:/Users/medin/git/repository2/SauceDemoPOM/src/test/features/PaymentPage/Payement.feature:19)\r\n","steps":[],"attachments":[],"parameters":[],"attachmentsCount":0,"shouldDisplayMessage":true,"stepsCount":0,"hasContent":true,"attachmentStep":false},{"name":"Hooks.SetUp.TakeScreenshot(io.cucumber.java.Scenario)","time":{"start":1744632340174,"stop":1744632340266,"duration":92},"status":"passed","steps":[],"attachments":[{"uid":"6ff6a0e99401bdf9","name":"image","source":"6ff6a0e99401bdf9.png","type":"image/png","size":104508}],"parameters":[],"attachmentsCount":1,"shouldDisplayMessage":false,"stepsCount":0,"hasContent":true,"attachmentStep":false},{"name":"Hooks.SetUp.etape()","time":{"start":1744632340266,"stop":1744632340267,"duration":1},"status":"skipped","steps":[],"attachments":[],"parameters":[],"attachmentsCount":0,"shouldDisplayMessage":false,"stepsCount":0,"hasContent":false,"attachmentStep":false},{"name":"When i enter the First Name \"mohamed\"","time":{"start":1744632340267,"stop":1744632340269,"duration":2},"status":"skipped","steps":[],"attachments":[],"parameters":[],"attachmentsCount":0,"shouldDisplayMessage":false,"stepsCount":0,"hasContent":false,"attachmentStep":false},{"name":"Hooks.SetUp.TakeScreenshot(io.cucumber.java.Scenario)","time":{"start":1744632340269,"stop":1744632340270,"duration":1},"status":"skipped","steps":[],"attachments":[],"parameters":[],"attachmentsCount":0,"shouldDisplayMessage":false,"stepsCount":0,"hasContent":false,"attachmentStep":false},{"name":"Hooks.SetUp.etape()","time":{"start":1744632340270,"stop":1744632340271,"duration":1},"status":"skipped","steps":[],"attachments":[],"parameters":[],"attachmentsCount":0,"shouldDisplayMessage":false,"stepsCount":0,"hasContent":false,"attachmentStep":false},{"name":"And i enter the Last Name  \"medini\"","time":{"start":1744632340271,"stop":1744632340271,"duration":0},"status":"skipped","steps":[],"attachments":[],"parameters":[],"attachmentsCount":0,"shouldDisplayMessage":false,"stepsCount":0,"hasContent":false,"attachmentStep":false},{"name":"Hooks.SetUp.TakeScreenshot(io.cucumber.java.Scenario)","time":{"start":1744632340271,"stop":1744632340271,"duration":0},"status":"skipped","steps":[],"attachments":[],"parameters":[],"attachmentsCount":0,"shouldDisplayMessage":false,"stepsCount":0,"hasContent":false,"attachmentStep":false},{"name":"Hooks.SetUp.etape()","time":{"start":1744632340272,"stop":1744632340272,"duration":0},"status":"skipped","steps":[],"attachments":[],"parameters":[],"attachmentsCount":0,"shouldDisplayMessage":false,"stepsCount":0,"hasContent":false,"attachmentStep":false},{"name":"And i enter the Zip Code \"<Zip>\"","time":{"start":1744632340272,"stop":1744632340272,"duration":0},"status":"skipped","steps":[],"attachments":[],"parameters":[],"attachmentsCount":0,"shouldDisplayMessage":false,"stepsCount":0,"hasContent":false,"attachmentStep":false},{"name":"Hooks.SetUp.TakeScreenshot(io.cucumber.java.Scenario)","time":{"start":1744632340273,"stop":1744632340273,"duration":0},"status":"skipped","steps":[],"attachments":[],"parameters":[],"attachmentsCount":0,"shouldDisplayMessage":false,"stepsCount":0,"hasContent":false,"attachmentStep":false},{"name":"Hooks.SetUp.etape()","time":{"start":1744632340273,"stop":1744632340273,"duration":0},"status":"skipped","steps":[],"attachments":[],"parameters":[],"attachmentsCount":0,"shouldDisplayMessage":false,"stepsCount":0,"hasContent":false,"attachmentStep":false},{"name":"And i click the continue button","time":{"start":1744632340273,"stop":1744632340273,"duration":0},"status":"skipped","steps":[],"attachments":[],"parameters":[],"attachmentsCount":0,"shouldDisplayMessage":false,"stepsCount":0,"hasContent":false,"attachmentStep":false},{"name":"Hooks.SetUp.TakeScreenshot(io.cucumber.java.Scenario)","time":{"start":1744632340273,"stop":1744632340273,"duration":0},"status":"skipped","steps":[],"attachments":[],"parameters":[],"attachmentsCount":0,"shouldDisplayMessage":false,"stepsCount":0,"hasContent":false,"attachmentStep":false},{"name":"Hooks.SetUp.etape()","time":{"start":1744632340273,"stop":1744632340275,"duration":2},"status":"skipped","steps":[],"attachments":[],"parameters":[],"attachmentsCount":0,"shouldDisplayMessage":false,"stepsCount":0,"hasContent":false,"attachmentStep":false},{"name":"And i click the finish button","time":{"start":1744632340275,"stop":1744632340275,"duration":0},"status":"skipped","steps":[],"attachments":[],"parameters":[],"attachmentsCount":0,"shouldDisplayMessage":false,"stepsCount":0,"hasContent":false,"attachmentStep":false},{"name":"Hooks.SetUp.TakeScreenshot(io.cucumber.java.Scenario)","time":{"start":1744632340275,"stop":1744632340275,"duration":0},"status":"skipped","steps":[],"attachments":[],"parameters":[],"attachmentsCount":0,"shouldDisplayMessage":false,"stepsCount":0,"hasContent":false,"attachmentStep":false},{"name":"Hooks.SetUp.etape()","time":{"start":1744632340275,"stop":1744632340276,"duration":1},"status":"skipped","steps":[],"attachments":[],"parameters":[],"attachmentsCount":0,"shouldDisplayMessage":false,"stepsCount":0,"hasContent":false,"attachmentStep":false},{"name":"Then i verify the payment with the message \"Thank you for your order!\"","time":{"start":1744632340276,"stop":1744632340276,"duration":0},"status":"skipped","steps":[],"attachments":[],"parameters":[],"attachmentsCount":0,"shouldDisplayMessage":false,"stepsCount":0,"hasContent":false,"attachmentStep":false},{"name":"Hooks.SetUp.TakeScreenshot(io.cucumber.java.Scenario)","time":{"start":1744632340276,"stop":1744632340277,"duration":1},"status":"skipped","steps":[],"attachments":[],"parameters":[],"attachmentsCount":0,"shouldDisplayMessage":false,"stepsCount":0,"hasContent":false,"attachmentStep":false}],"attachments":[],"parameters":[],"attachmentsCount":10,"shouldDisplayMessage":false,"stepsCount":48,"hasContent":true,"attachmentStep":false},"afterStages":[{"name":"Hooks.SetUp.terminal()","time":{"start":1744632340277,"stop":1744632340530,"duration":253},"status":"passed","steps":[],"attachments":[],"parameters":[],"attachmentsCount":0,"shouldDisplayMessage":false,"stepsCount":0,"hasContent":false,"attachmentStep":false}],"labels":[{"name":"tag","value":"Payment_SauceDemo"},{"name":"tag","value":"Payment_with_4_cart"},{"name":"host","value":"MED-PC"},{"name":"thread","value":"1556@MED-PC.main(1)"},{"name":"feature","value":"Payment of the product"},{"name":"story","value":"Payment with foor carts"},{"name":"suite","value":"Payment of the product"},{"name":"testClass","value":"Payment with foor carts"},{"name":"framework","value":"cucumber4jvm"},{"name":"language","value":"java"},{"name":"gherkin_uri","value":"file:///C:/Users/medin/git/repository2/SauceDemoPOM/src/test/features/PaymentPage/Payement.feature"},{"name":"package","value":"src.test.features.PaymentPage.Payement_feature.Payment of the product"},{"name":"resultFormat","value":"allure2"}],"parameters":[{"name":"first name","value":"mohamed"},{"name":"last name","value":"medini"},{"name":"zip","value":"9030"}],"links":[],"hidden":true,"retry":true,"extra":{"categories":[],"tags":["Payment_SauceDemo","Payment_with_4_cart"]},"source":"6ce5a2a630f4029f.json","parameterValues":["mohamed","medini","9030"]}